time="2025-09-17T21:17:55+05:00" level=info msg="create router" func="main.main()" file="app.go:16"
time="2025-09-17T21:17:55+05:00" level=info msg="register user handler" func="main.main()" file="app.go:19"
time="2025-09-17T21:21:46+05:00" level=info msg="create router" func="main.main()" file="app.go:15"
time="2025-09-17T21:21:46+05:00" level=info msg="register user handler" func="main.main()" file="app.go:18"
time="2025-09-17T21:21:46+05:00" level=info msg="start application" func="main.start()" file="app.go:27"
time="2025-09-17T21:21:46+05:00" level=info msg="server is listening port 0.0.0.0:1234" func="main.start()" file="app.go:39"
time="2025-09-18T20:55:24+05:00" level=info msg="create router" func="main.main()" file="app.go:20"
time="2025-09-18T20:55:24+05:00" level=info msg="read application configuration" func="REST_API/internal/config.GetConfig.func1()" file="config.go:25"
time="2025-09-18T20:55:24+05:00" level=info func="REST_API/internal/config.GetConfig.func1()" file="config.go:29"
time="2025-09-18T20:55:24+05:00" level=fatal msg="field \"IsDebug\" is required but the value is not provided" func="REST_API/internal/config.GetConfig.func1()" file="config.go:30"
time="2025-09-18T20:57:33+05:00" level=info msg="create router" func="main.main()" file="app.go:20"
time="2025-09-18T20:57:33+05:00" level=info msg="read application configuration" func="REST_API/internal/config.GetConfig.func1()" file="config.go:25"
time="2025-09-18T20:57:33+05:00" level=info msg="register user handler" func="main.main()" file="app.go:25"
time="2025-09-18T20:57:33+05:00" level=info msg="start application" func="main.start()" file="app.go:34"
time="2025-09-18T20:57:33+05:00" level=info msg="listen unix tcp" func="main.start()" file="app.go:51"
time="2025-09-18T20:57:33+05:00" level=info msg="server is listening port 0.0.0.0:10000" func="main.start()" file="app.go:64"
time="2025-09-18T20:59:13+05:00" level=info msg="create router" func="main.main()" file="app.go:20"
time="2025-09-18T20:59:13+05:00" level=info msg="read application configuration" func="REST_API/internal/config.GetConfig.func1()" file="config.go:25"
time="2025-09-18T20:59:13+05:00" level=info msg="register user handler" func="main.main()" file="app.go:25"
time="2025-09-18T20:59:13+05:00" level=info msg="start application" func="main.start()" file="app.go:34"
time="2025-09-18T20:59:13+05:00" level=info msg="create socket" func="main.start()" file="app.go:44"
time="2025-09-18T20:59:13+05:00" level=debug msg="socket path: C:\\Users\\Gimal\\AppData\\Local\\JetBrains\\GoLand2025.2\\tmp\\GoLand/app.sock" func="main.start()" file="app.go:46"
time="2025-09-18T20:59:13+05:00" level=info msg="listen unix socket" func="main.start()" file="app.go:48"
time="2025-09-18T20:59:13+05:00" level=info msg="server is listening port 127.0.0.1:8080" func="main.start()" file="app.go:64"
time="2025-09-18T21:04:25+05:00" level=info msg="create router" func="main.main()" file="app.go:20"
time="2025-09-18T21:04:25+05:00" level=info msg="read application configuration" func="REST_API/internal/config.GetConfig.func1()" file="config.go:25"
time="2025-09-18T21:04:25+05:00" level=info msg="register user handler" func="main.main()" file="app.go:25"
time="2025-09-18T21:04:25+05:00" level=info msg="start application" func="main.start()" file="app.go:34"
time="2025-09-18T21:04:25+05:00" level=info msg="detect app path" func="main.start()" file="app.go:40"
time="2025-09-18T21:04:25+05:00" level=info msg="create socket" func="main.start()" file="app.go:45"
time="2025-09-18T21:04:25+05:00" level=info msg="listen unix socket" func="main.start()" file="app.go:48"
time="2025-09-18T21:04:25+05:00" level=info msg="server is listening unix socket: D:\\Learn\\Golang\\Projects\\REST API\\build/app.sock" func="main.start()" file="app.go:50"
time="2025-09-18T21:07:17+05:00" level=info msg="create router" func="main.main()" file="app.go:20"
time="2025-09-18T21:07:39+05:00" level=info msg="read application configuration" func="REST_API/internal/config.GetConfig.func1()" file="config.go:25"
time="2025-09-18T21:07:55+05:00" level=info msg="register user handler" func="main.main()" file="app.go:25"
time="2025-09-18T21:07:55+05:00" level=info msg="start application" func="main.start()" file="app.go:34"
time="2025-09-18T21:07:55+05:00" level=info msg="detect app path" func="main.start()" file="app.go:40"
time="2025-09-18T21:07:55+05:00" level=info msg="create socket" func="main.start()" file="app.go:45"
time="2025-09-18T21:07:55+05:00" level=info msg="listen unix socket" func="main.start()" file="app.go:48"
time="2025-09-18T21:07:55+05:00" level=info msg="server is listening unix socket: D:\\Learn\\Golang\\Projects\\REST API\\build/app.sock" func="main.start()" file="app.go:50"
time="2025-09-18T21:08:07+05:00" level=info msg="create router" func="main.main()" file="app.go:20"
time="2025-09-18T21:08:08+05:00" level=info msg="read application configuration" func="REST_API/internal/config.GetConfig.func1()" file="config.go:25"
time="2025-09-18T21:08:49+05:00" level=info msg="register user handler" func="main.main()" file="app.go:25"
time="2025-09-18T21:08:49+05:00" level=info msg="start application" func="main.start()" file="app.go:34"
time="2025-09-18T21:08:49+05:00" level=info msg="detect app path" func="main.start()" file="app.go:40"
time="2025-09-18T21:08:49+05:00" level=info msg="create socket" func="main.start()" file="app.go:45"
time="2025-09-18T21:08:49+05:00" level=info msg="listen unix socket" func="main.start()" file="app.go:48"
time="2025-09-18T21:08:49+05:00" level=info msg="server is listening unix socket: D:\\Learn\\Golang\\Projects\\REST API\\build/app.sock" func="main.start()" file="app.go:50"
time="2025-09-18T21:23:10+05:00" level=info msg="create router" func="main.main()" file="app.go:20"
time="2025-09-18T21:23:10+05:00" level=info msg="read application configuration" func="REST_API/internal/config.GetConfig.func1()" file="config.go:25"
time="2025-09-18T21:23:10+05:00" level=info msg="register user handler" func="main.main()" file="app.go:25"
time="2025-09-18T21:23:10+05:00" level=info msg="start application" func="main.start()" file="app.go:34"
time="2025-09-18T21:23:10+05:00" level=info msg="detect app path" func="main.start()" file="app.go:40"
time="2025-09-18T21:23:10+05:00" level=info msg="create socket" func="main.start()" file="app.go:45"
time="2025-09-18T21:23:10+05:00" level=info msg="listen unix socket" func="main.start()" file="app.go:48"
time="2025-09-18T21:23:10+05:00" level=info msg="server is listening unix socket: D:\\Learn\\Golang\\Projects\\REST API\\build/app.sock" func="main.start()" file="app.go:50"
time="2025-09-18T21:23:25+05:00" level=info msg="create router" func="main.main()" file="app.go:20"
time="2025-09-18T21:23:25+05:00" level=info msg="read application configuration" func="REST_API/internal/config.GetConfig.func1()" file="config.go:25"
time="2025-09-18T21:23:25+05:00" level=info msg="register user handler" func="main.main()" file="app.go:25"
time="2025-09-18T21:23:25+05:00" level=info msg="start application" func="main.start()" file="app.go:34"
time="2025-09-18T21:23:25+05:00" level=info msg="detect app path" func="main.start()" file="app.go:40"
time="2025-09-18T21:23:25+05:00" level=info msg="create socket" func="main.start()" file="app.go:45"
time="2025-09-18T21:23:25+05:00" level=info msg="listen unix socket" func="main.start()" file="app.go:48"
time="2025-09-18T21:23:25+05:00" level=info msg="server is listening unix socket: D:\\Learn\\Golang\\Projects\\REST API\\build/app.sock" func="main.start()" file="app.go:50"
time="2025-09-18T21:24:12+05:00" level=info msg="create router" func="main.main()" file="app.go:20"
time="2025-09-18T21:24:12+05:00" level=info msg="read application configuration" func="REST_API/internal/config.GetConfig.func1()" file="config.go:25"
time="2025-09-18T21:24:12+05:00" level=info msg="register user handler" func="main.main()" file="app.go:25"
time="2025-09-18T21:24:12+05:00" level=info msg="start application" func="main.start()" file="app.go:34"
time="2025-09-18T21:24:12+05:00" level=info msg="detect app path" func="main.start()" file="app.go:40"
time="2025-09-18T21:24:12+05:00" level=info msg="create socket" func="main.start()" file="app.go:45"
time="2025-09-18T21:24:12+05:00" level=info msg="listen unix socket" func="main.start()" file="app.go:48"
time="2025-09-18T21:24:12+05:00" level=info msg="server is listening unix socket: D:\\Learn\\Golang\\Projects\\REST API\\build/app.sock" func="main.start()" file="app.go:50"
time="2025-09-18T21:24:30+05:00" level=info msg="create router" func="main.main()" file="app.go:20"
time="2025-09-18T21:24:30+05:00" level=info msg="read application configuration" func="REST_API/internal/config.GetConfig.func1()" file="config.go:25"
time="2025-09-18T21:24:30+05:00" level=info msg="register user handler" func="main.main()" file="app.go:25"
time="2025-09-18T21:24:30+05:00" level=info msg="start application" func="main.start()" file="app.go:34"
time="2025-09-18T21:24:30+05:00" level=info msg="detect app path" func="main.start()" file="app.go:40"
time="2025-09-18T21:24:30+05:00" level=info msg="create socket" func="main.start()" file="app.go:45"
time="2025-09-18T21:24:30+05:00" level=info msg="listen unix socket" func="main.start()" file="app.go:48"
time="2025-09-18T21:24:30+05:00" level=info msg="server is listening unix socket: D:\\Learn\\Golang\\Projects\\REST API\\build/app.sock" func="main.start()" file="app.go:50"
time="2025-09-18T21:29:37+05:00" level=info msg="create router" func="main.main()" file="app.go:20"
time="2025-09-18T21:29:37+05:00" level=info msg="read application configuration" func="REST_API/internal/config.GetConfig.func1()" file="config.go:25"
time="2025-09-18T21:29:37+05:00" level=info msg="register user handler" func="main.main()" file="app.go:25"
time="2025-09-18T21:29:37+05:00" level=info msg="start application" func="main.start()" file="app.go:34"
time="2025-09-18T21:29:37+05:00" level=info msg="listen unix tcp" func="main.start()" file="app.go:52"
time="2025-09-18T21:29:37+05:00" level=info msg="server is listening port 0.0.0.0:10000" func="main.start()" file="app.go:54"
